=== INÍCIO DO LOG ===

[2025-06-03 21:51:11] MESSAGE_SENT:
{
  "sender": "Client",
  "original_message": "ola",
  "signature": "55a9f4f8994b1bbf2058ea38c8efb6c459000814d5f39c087002571639e6230e",
  "encrypted_message": "122467005045767268139058303987513004680084921767056607235206116053702500048930470003826344079672853981354820420820143486401749172640528846928505125006290129251606763451985270971287533622018838300569393608313920314436168878420979230341924866477905961338363613793726284069639672980317547042532790185849738494202"
}

[2025-06-03 21:51:11] MESSAGE_SENT:
{
  "sender": "Server",
  "original_message": "Servidor recebeu: ola",
  "signature": "d3e0aa2cc3d49e635c235a20d5918d1bb24a6b9f5d125f7e5d537c4a7e7432df",
  "encrypted_message": "130743353619533617920342036177729497369039474491553707350080413348797008653212506509122738200436032307672033734272583789172048147220511378678560876118838257546896663657341711426422468170839088236070235827553807294317821214333049796618704030829481006069483938237745630894376017412812759025565205906946499211186"
}

[2025-06-03 21:51:11] MESSAGE_RECEIVED:
{
  "receiver": "Server",
  "decrypted_message": "ola",
  "signature_valid": true
}

[2025-06-03 21:51:11] MESSAGE_RECEIVED:
{
  "receiver": "Client",
  "decrypted_message": "Servidor recebeu: ola",
  "signature_valid": true
}

[2025-06-03 21:51:23] MESSAGE_SENT:
{
  "sender": "Client",
  "original_message": "como vai?",
  "signature": "8bdd55c6f351f0f88a6d930ff1877d38aaa800c788ac0e8865ce745cc2538814",
  "encrypted_message": "1024767186111823524450077487335470813002371450489026163529663775642169943588830993484496012704731058222612910803701159299875667948742883021965188976933740921394019384734336996589420408720909770649446666186462180448282401916035371515050103311470448470205473620102708245392833641347761197413980336405081626397"
}

[2025-06-03 21:51:23] MESSAGE_SENT:
{
  "sender": "Server",
  "original_message": "Servidor recebeu: como vai?",
  "signature": "b63e6005823c63482edea48d58bd9eb3a172f511529648691f52e608017e8a76",
  "encrypted_message": "10676165206941042790923760385098682976716244936834797753862765820858248082902748691725964987521617560948975590045092943142112726868258262595769189638052356065128538698082598258761281277016100000537355462337304722484553837595401495270338112230460657817824856844763909573361486755097011256230311206653649669834"
}

[2025-06-03 21:51:23] MESSAGE_RECEIVED:
{
  "receiver": "Server",
  "decrypted_message": "como vai?",
  "signature_valid": true
}

[2025-06-03 21:51:23] MESSAGE_RECEIVED:
{
  "receiver": "Client",
  "decrypted_message": "Servidor recebeu: como vai?",
  "signature_valid": true
}
{"timestamp": "2025-06-03 21:58:32", "type": "SERVER_START", "data": {"host": "localhost", "port": 12345, "public_key": [88845068047644252203605471551408406347034578593098102988281771358660632277308385001100964129288562809815388436154354639037646165345866767200293801121903860069716376305508839806186783699306778910081177800243368023285942313172932162503666261117636926148229873421338911466839170336761315793579884373971000411875, 162398094895774793858081311997729763018561224216962789874157100328986360899822921664112493281302350230098113764960879587880390735312178511884354043344522195700089670749238566529177210793672703206183931844682860143584127783860002809694498115364416428151979710634293311374404477440668719519630971246411458641309]}}
{"timestamp": "2025-06-03 21:58:37", "type": "CLIENT_START", "data": {"host": "localhost", "port": 12345, "public_key": [49968660269198957356860074827045091337526436877336581996915482453579456028310687738371473944825365025278946626207933498868245195945339450704801139529339459036714244863826388757179580974276606246059176162646330797074621529812890032172000887229454237275576070919930859458450464712892852600656899826955840606803, 62601849784383026140613981851246024362479481075285195328986696847298089570213444120064548389423704674228547133117259752461935499894028591644662849301495071653284136235966055220357984361583032920417896053570438105474270953263930906041582562292007699263122185467011793503858887407033046783530373454402135336389]}}
{"timestamp": "2025-06-03 21:58:37", "type": "KEY_EXCHANGE", "data": {"direction": "sent", "key": [88845068047644252203605471551408406347034578593098102988281771358660632277308385001100964129288562809815388436154354639037646165345866767200293801121903860069716376305508839806186783699306778910081177800243368023285942313172932162503666261117636926148229873421338911466839170336761315793579884373971000411875, 162398094895774793858081311997729763018561224216962789874157100328986360899822921664112493281302350230098113764960879587880390735312178511884354043344522195700089670749238566529177210793672703206183931844682860143584127783860002809694498115364416428151979710634293311374404477440668719519630971246411458641309]}}
{"timestamp": "2025-06-03 21:58:37", "type": "KEY_EXCHANGE", "data": {"direction": "received", "key": [49968660269198957356860074827045091337526436877336581996915482453579456028310687738371473944825365025278946626207933498868245195945339450704801139529339459036714244863826388757179580974276606246059176162646330797074621529812890032172000887229454237275576070919930859458450464712892852600656899826955840606803, 62601849784383026140613981851246024362479481075285195328986696847298089570213444120064548389423704674228547133117259752461935499894028591644662849301495071653284136235966055220357984361583032920417896053570438105474270953263930906041582562292007699263122185467011793503858887407033046783530373454402135336389]}}
{"timestamp": "2025-06-03 21:59:00", "type": "MESSAGE_SENT", "data": {"to": "server", "message": "ola"}}
{"timestamp": "2025-06-03 21:59:00", "type": "MESSAGE_RECEIVED", "data": {"from": "client", "message": "ola", "signature_valid": true}}
{"timestamp": "2025-06-03 21:59:00", "type": "MESSAGE_SENT", "data": {"to": "client", "message": "Servidor recebeu: ola"}}
{"timestamp": "2025-06-03 21:59:00", "type": "MESSAGE_RECEIVED", "data": {"from": "server", "message": "Servidor recebeu: ola", "signature_valid": true}}
{"timestamp": "2025-06-03 22:01:13", "type": "CLIENT_ERROR", "data": {"error": "[WinError 10053] Uma conex\u00e3o estabelecida foi anulada pelo software no computador host"}}
{"timestamp": "2025-06-03 22:01:13", "type": "SERVER_ERROR", "data": {"error": "[WinError 10054] Foi for\u00e7ado o cancelamento de uma conex\u00e3o existente pelo host remoto"}}
{"timestamp": "2025-06-03 22:05:01", "type": "SERVER_START", "data": {"host": "localhost", "port": 12345, "public_key": [54743484649606176803609079107893887928517908885584451780388375019313640245540955474206934475059278555197412368653947318978528534541966718870889229514314212102486804478886504166544117911012610592424304923595725882677289249643733930517466842450299557004044349508502720239500471872840299969254078506363534789917, 99201575312344789083320760275468470775725708751771339171558579397998040408785413457595105531370935969705443441975213267746118504933155457176750179887818021675762704482423364161409610997446486772473574776110912145252712053389432253627989608491052776618649468432073387798277075780161221682971801785642317326033]}}
{"timestamp": "2025-06-03 22:05:07", "type": "CLIENT_START", "data": {"host": "localhost", "port": 12345, "public_key": [113079862976098964881943967935198230837726753768618395710198677274188698482564976073141204997436598346249291215978404357620643968140595395105638735722962468337355406530134359989984880916478605920286448889891364846418795281969590845185870587592442423405600349301282361217825908808141662076141417258406520904397, 125240825035346816587658388007062411281419275970413070104139910770334961373577906227644020334469555498238515526567752527022515820938323265244095922143466543526663350927694520170228319623626499592231375481475827151199927598864196590121561459881518065233507534748941871390770597729875499910030437682512903183493]}}
{"timestamp": "2025-06-03 22:05:07", "type": "KEY_EXCHANGE", "data": {"direction": "received", "key": [113079862976098964881943967935198230837726753768618395710198677274188698482564976073141204997436598346249291215978404357620643968140595395105638735722962468337355406530134359989984880916478605920286448889891364846418795281969590845185870587592442423405600349301282361217825908808141662076141417258406520904397, 125240825035346816587658388007062411281419275970413070104139910770334961373577906227644020334469555498238515526567752527022515820938323265244095922143466543526663350927694520170228319623626499592231375481475827151199927598864196590121561459881518065233507534748941871390770597729875499910030437682512903183493]}}
{"timestamp": "2025-06-03 22:05:16", "type": "MESSAGE_SENT", "data": {"to": "server", "message": "ola"}}
{"timestamp": "2025-06-03 22:05:16", "type": "MESSAGE_RECEIVED", "data": {"from": "client", "message": "ola", "signature_valid": true}}
{"timestamp": "2025-06-03 22:05:16", "type": "MESSAGE_SENT", "data": {"to": "client", "message": "Servidor recebeu: ola"}}
{"timestamp": "2025-06-03 22:05:29", "type": "MESSAGE_SENT", "data": {"to": "server", "message": "desgraaaaaaaaaaaaa\u00e7a"}}
{"timestamp": "2025-06-03 22:05:29", "type": "MESSAGE_RECEIVED", "data": {"from": "client", "message": "desgraaaaaaaaaaaaa\u00e7a", "signature_valid": true}}
{"timestamp": "2025-06-03 22:05:29", "type": "MESSAGE_SENT", "data": {"to": "client", "message": "Servidor recebeu: desgraaaaaaaaaaaaa\u00e7a"}}
{"timestamp": "2025-06-03 22:05:33", "type": "SERVER_ERROR", "data": {"error": "[WinError 10054] Foi for\u00e7ado o cancelamento de uma conex\u00e3o existente pelo host remoto"}}
{"timestamp": "2025-06-03 22:10:31", "type": "SERVER_START", "data": {"host": "localhost", "port": 12345, "public_key": [128305768502010269837530729430110241188495601417785645179019126732880187232528602533079547355199340203702069414912144731178259031136538362640658135504684601726937225978678721472505794602901090217866363117245168942484805231074938223710774368808293741056143922018908053815044916803871133034820615257648910975707, 155533995828771622168398757431269262425602742870395273739971720372373795400484717696132195496328813264437915893894589887095929945645921710866251195407189601534324373137511806205453779741347826972580263109032258129786024008625436397720500686548157622472129617231670475270214211829558013141330166295408642221981]}}
{"timestamp": "2025-06-03 22:10:36", "type": "CLIENT_START", "data": {"host": "localhost", "port": 12345, "public_key": [92146681414606133150897065160354739447614892091868627002923327781739275541592531222189283887095764351456307967550060729264925153055018024862263984945227702262315473102250117867426296265370626373620193499761351366773302150771889134263095627374347472540254430644948768717073298682757345415781900567156724345493, 107346894338421203421778439399796709595289352125382190048427789781530844105230562986830482027691859533205182052638409427866116333803178281058443329968172626005728691393921839921531541189738562279461621467290378816241572040307332258848153430873350544385866947052878044416447357466539278923214974257727647589207]}}
{"timestamp": "2025-06-03 22:10:36", "type": "KEY_EXCHANGE", "data": {"server_key": {"e": 128305768502010269837530729430110241188495601417785645179019126732880187232528602533079547355199340203702069414912144731178259031136538362640658135504684601726937225978678721472505794602901090217866363117245168942484805231074938223710774368808293741056143922018908053815044916803871133034820615257648910975707, "n": 155533995828771622168398757431269262425602742870395273739971720372373795400484717696132195496328813264437915893894589887095929945645921710866251195407189601534324373137511806205453779741347826972580263109032258129786024008625436397720500686548157622472129617231670475270214211829558013141330166295408642221981}}}
{"timestamp": "2025-06-03 22:10:39", "type": "MESSAGE_SENT", "data": {"to": "server", "message": "ola"}}
{"timestamp": "2025-06-03 22:10:39", "type": "MESSAGE_RECEIVED", "data": {"from": "('127.0.0.1', 50518)", "message": "ola"}}
{"timestamp": "2025-06-03 22:10:41", "type": "MESSAGE_SENT", "data": {"to": "('127.0.0.1', 50518)", "message": "como vai?"}}
{"timestamp": "2025-06-03 22:10:41", "type": "MESSAGE_RECEIVED", "data": {"from": "server", "message": "como vai?"}}
{"timestamp": "2025-06-03 22:10:47", "type": "MESSAGE_SENT", "data": {"to": "server", "message": "estou bem e voce?"}}
{"timestamp": "2025-06-03 22:10:47", "type": "MESSAGE_RECEIVED", "data": {"from": "('127.0.0.1', 50518)", "message": "estou bem e voce?"}}
{"timestamp": "2025-06-03 22:10:52", "type": "MESSAGE_SENT", "data": {"to": "('127.0.0.1', 50518)", "message": "tamb\u00e9m estou bem"}}
{"timestamp": "2025-06-03 22:10:52", "type": "MESSAGE_RECEIVED", "data": {"from": "server", "message": "tamb\u00e9m estou bem"}}
{"timestamp": "2025-06-03 22:17:42", "type": "SERVER_START", "data": {"host": "localhost", "port": 12345, "public_key": [9226993780164133836703611211502221409204446457934905198309503751647740754235602003491416524637218236103857586139615333821455296772075845389807523826550656654100594072321274544644269679199522577627717827695568590788936274040417994374405008574525829352684955419299438332347563312098425348578884188997200573569, 117230913486160636390383313845518057966673003018911682447260313561234835316202766593037684238071049499006530865464681937662243720233571857536013092543083189428230238680740362953831012878012340658226516019855462806713008506263078762956988127367639658258329400547583854461908874482680710108247584549020853833191]}}
{"timestamp": "2025-06-03 22:18:04", "type": "CLIENT_START", "data": {"host": "localhost", "port": 12345, "public_key": [38863763862655321405877759873392832943867891550591637918211170982116912311846619647331307374969686998955247148012270472971699475954816284949619912570850757705413934890489249163257723050959812642740262686400307201875334139809442673041071020848289532088836441876768008414397410682853057998822847066960043638303, 96019181382212332191337481500233694938461652315745087497973924258094930715995949688624054509917692756536288028227988097192827358767790891753781945465948430719984202742226573424120295709994160320084337620403431647504896754523996891073869166718102482242721927298012363409877952937089625342610036575437845841151]}}
{"timestamp": "2025-06-03 22:18:04", "type": "KEY_EXCHANGE", "data": {"server_key": {"e": 9226993780164133836703611211502221409204446457934905198309503751647740754235602003491416524637218236103857586139615333821455296772075845389807523826550656654100594072321274544644269679199522577627717827695568590788936274040417994374405008574525829352684955419299438332347563312098425348578884188997200573569, "n": 117230913486160636390383313845518057966673003018911682447260313561234835316202766593037684238071049499006530865464681937662243720233571857536013092543083189428230238680740362953831012878012340658226516019855462806713008506263078762956988127367639658258329400547583854461908874482680710108247584549020853833191}}}
{"timestamp": "2025-06-03 22:18:05", "type": "MESSAGE_SENT", "data": {"to": "server", "message": "Oi"}}
{"timestamp": "2025-06-03 22:18:05", "type": "MESSAGE_RECEIVED", "data": {"from": "('127.0.0.1', 50565)", "message": "Oi"}}
{"timestamp": "2025-06-03 22:18:11", "type": "MESSAGE_SENT", "data": {"to": "('127.0.0.1', 50565)", "message": "Oi, como voce ta?"}}
{"timestamp": "2025-06-03 22:18:11", "type": "MESSAGE_RECEIVED", "data": {"from": "server", "message": "Oi, como voce ta?"}}
{"timestamp": "2025-06-03 22:18:19", "type": "MESSAGE_SENT", "data": {"to": "server", "message": "Estou meia boca"}}
{"timestamp": "2025-06-03 22:18:19", "type": "MESSAGE_RECEIVED", "data": {"from": "('127.0.0.1', 50565)", "message": "Estou meia boca"}}
{"timestamp": "2025-06-03 22:18:25", "type": "MESSAGE_SENT", "data": {"to": "('127.0.0.1', 50565)", "message": "Concordo lindo"}}
{"timestamp": "2025-06-03 22:18:25", "type": "MESSAGE_RECEIVED", "data": {"from": "server", "message": "Concordo lindo"}}
